<?xml version="1.0" encoding="UTF-8"?>
<!-- Generated by org.testng.reporters.JUnitXMLReporter -->
<testsuite ignored="0" hostname="mayuri" failures="0" tests="4" name="Default test" time="0.094" errors="0" timestamp="2021-10-05T23:01:01 IST">
  <testcase classname="First_PKJ.Depandancy" name="insert" time="0.014"/>
  <testcase classname="First_PKJ.Depandancy" name="select" time="0.002"/>
  <testcase classname="First_PKJ.Depandancy" name="update" time="0.002"/>
  <testcase classname="First_PKJ.Depandancy" name="delete" time="0.002"/>
</testsuite> <!-- Default test -->
