<?xml version="1.0" encoding="UTF-8"?>
<testng-results ignored="0" total="4" passed="4" failed="0" skipped="0">
  <reporter-output>
  </reporter-output>
  <suite started-at="2021-10-05T23:01:01 IST" name="Default suite" finished-at="2021-10-05T23:01:01 IST" duration-ms="94">
    <groups>
    </groups>
    <test started-at="2021-10-05T23:01:01 IST" name="Default test" finished-at="2021-10-05T23:01:01 IST" duration-ms="94">
      <class name="First_PKJ.Depandancy">
        <test-method signature="insert()[pri:0, instance:First_PKJ.Depandancy@7b227d8d]" started-at="2021-10-05T23:01:01 IST" name="insert" finished-at="2021-10-05T23:01:01 IST" duration-ms="14" status="PASS">
          <reporter-output>
          </reporter-output>
        </test-method> <!-- insert -->
        <test-method signature="select()[pri:0, instance:First_PKJ.Depandancy@7b227d8d]" started-at="2021-10-05T23:01:01 IST" name="select" finished-at="2021-10-05T23:01:01 IST" depends-on-methods="First_PKJ.Depandancy.insert" duration-ms="2" status="PASS">
          <reporter-output>
          </reporter-output>
        </test-method> <!-- select -->
        <test-method signature="update()[pri:0, instance:First_PKJ.Depandancy@7b227d8d]" started-at="2021-10-05T23:01:01 IST" name="update" finished-at="2021-10-05T23:01:01 IST" depends-on-methods="First_PKJ.Depandancy.select" duration-ms="2" status="PASS">
          <reporter-output>
          </reporter-output>
        </test-method> <!-- update -->
        <test-method signature="delete()[pri:0, instance:First_PKJ.Depandancy@7b227d8d]" started-at="2021-10-05T23:01:01 IST" name="delete" finished-at="2021-10-05T23:01:01 IST" depends-on-methods="First_PKJ.Depandancy.update" duration-ms="2" status="PASS">
          <reporter-output>
          </reporter-output>
        </test-method> <!-- delete -->
      </class> <!-- First_PKJ.Depandancy -->
    </test> <!-- Default test -->
  </suite> <!-- Default suite -->
</testng-results>
